d:\cakitviewer\cakitviewer_v0.5\x64\release\cakitviewer_v0.5.ipdb
d:\cakitviewer\cakitviewer_v0.5\x64\release\cakitviewer_v0.5.iobj
d:\cakitviewer\cakitviewer_v0.5\cakitviewer_v0.5\x64\release\cakitviewer_v0.5.pch
d:\cakitviewer\cakitviewer_v0.5\cakitviewer_v0.5\x64\release\vc141.pdb
d:\cakitviewer\cakitviewer_v0.5\cakitviewer_v0.5\x64\release\pch.obj
d:\cakitviewer\cakitviewer_v0.5\cakitviewer_v0.5\x64\release\cakitviewer_v0.5dlg.obj
d:\cakitviewer\cakitviewer_v0.5\cakitviewer_v0.5\x64\release\cakitviewer_v0.5.obj
d:\cakitviewer\cakitviewer_v0.5\x64\release\cakitviewer_v0.5.exe
d:\cakitviewer\cakitviewer_v0.5\x64\release\cakitviewer_v0.5.pdb
d:\cakitviewer\cakitviewer_v0.5\cakitviewer_v0.5\x64\release\cakitviewerv05.res
d:\cakitviewer\cakitviewer_v0.5\cakitviewer_v0.5\x64\release\cakitviewer_v0.5.tlog\cakitviewer_v0.5.write.1u.tlog
d:\cakitviewer\cakitviewer_v0.5\cakitviewer_v0.5\x64\release\cakitviewer_v0.5.tlog\cl.command.1.tlog
d:\cakitviewer\cakitviewer_v0.5\cakitviewer_v0.5\x64\release\cakitviewer_v0.5.tlog\cl.read.1.tlog
d:\cakitviewer\cakitviewer_v0.5\cakitviewer_v0.5\x64\release\cakitviewer_v0.5.tlog\cl.write.1.tlog
d:\cakitviewer\cakitviewer_v0.5\cakitviewer_v0.5\x64\release\cakitviewer_v0.5.tlog\link.command.1.tlog
d:\cakitviewer\cakitviewer_v0.5\cakitviewer_v0.5\x64\release\cakitviewer_v0.5.tlog\link.read.1.tlog
d:\cakitviewer\cakitviewer_v0.5\cakitviewer_v0.5\x64\release\cakitviewer_v0.5.tlog\link.write.1.tlog
d:\cakitviewer\cakitviewer_v0.5\cakitviewer_v0.5\x64\release\cakitviewer_v0.5.tlog\rc.command.1.tlog
d:\cakitviewer\cakitviewer_v0.5\cakitviewer_v0.5\x64\release\cakitviewer_v0.5.tlog\rc.read.1.tlog
d:\cakitviewer\cakitviewer_v0.5\cakitviewer_v0.5\x64\release\cakitviewer_v0.5.tlog\rc.write.1.tlog
